2025-04-24 21:24:25,225 INFO     [FlashTop]    init
2025-04-24 21:24:25,230 [Process-5284] INFO     [FlashTop]    do_main: cmd loadpara
2025-04-24 21:24:25,238 [Process-5284] INFO     [Para]    exe path: C:\Users\celio\Documents\codes\HTNB32L-XXX-SDK\Firmware\HTNB32L-XXX-SDK\Debug
2025-04-24 21:24:25,247 [Process-5284] INFO     [Para]    update digest file :C:\Users\celio\Documents\codes\HTNB32L-XXX-SDK\Firmware\HTNB32L-XXX-SDK\Debug\cfg.digest, digest:b'\x73\x8f\x87\xb5\x2d\x73\x71\xe9\xa4\xde\x1e\xc3\x73\x80\x2e\xad\x7c\xd8\x7b\x18\x6c\x1b\xef\xb3\xe0\x44\xeb\xef\x42\x30\xd4\xdb' 
2025-04-24 21:24:25,247 [Process-5284] INFO     [Para]    LoadPara from cfgfile(C:\Users\celio\Documents\codes\HTNB32L-XXX-SDK\Firmware\HTNB32L-XXX-SDK\Debug\htnb32l.ini) 
2025-04-24 21:24:25,249 [Process-5284] WARNING  [Para]    Load para curdigest b'\x73\x8f\x87\xb5\x2d\x73\x71\xe9\xa4\xde\x1e\xc3\x73\x80\x2e\xad\x7c\xd8\x7b\x18\x6c\x1b\xef\xb3\xe0\x44\xeb\xef\x42\x30\xd4\xdb'
2025-04-24 21:24:25,249 [Process-5284] INFO     [FlashTop]    Load para sync success
2025-04-24 21:24:25,251 [Process-5284] INFO     [FlashToolCLI]    Burnbatch Start, burn imglist ['bootloader', 'system'].
2025-04-24 21:24:25,251 [Process-5284] INFO     [FlashTop]    do_main: cmd burnag, Thread0[11476]
2025-04-24 21:24:25,251 [Process-5284] INFO     [Thread0]    ProcessStart[11476]
2025-04-24 21:24:26,331 [Process-5284] INFO     [Thread0]    ResetBoard(Normal Mod) finish
2025-04-24 21:24:26,331 [Process-5284] INFO     [Thread0]    args.ser.port :COM4
2025-04-24 21:24:26,399 [Process-5284] INFO     [Image]    SetBaud 921600
2025-04-24 21:24:26,399 [Process-5284] INFO     [Thread0]    TryDownload C:\Users\celio\Documents\codes\HTNB32L-XXX-SDK\Firmware\HTNB32L-XXX-SDK\Debug\agentboot.bin start
2025-04-24 21:24:26,399 [Process-5284] INFO     [Thread0]    image size=28568, hdsize=272
2025-04-24 21:24:26,399 [Process-5284] INFO     [Thread0]    Preamble Send
2025-04-24 21:24:27,928 [Process-5284] INFO     [Thread0]    Preamble Received Rsp
2025-04-24 21:24:27,980 [Process-5284] INFO     [Thread0]    Preamble Send
2025-04-24 21:24:28,044 [Process-5284] INFO     [Thread0]    Preamble Received Rsp
2025-04-24 21:24:30,745 [Process-5284] INFO     [Thread0]    TryDownload agentboot success
2025-04-24 21:24:30,747 [Process-5284] INFO     [Thread0]    agbaud: 921600
2025-04-24 21:24:30,814 [Process-5284] INFO     [Thread0]    Burn OK!
2025-04-24 21:24:30,816 [Process-5284] INFO     [Thread0]    ProcessEnd[11476]
2025-04-24 21:24:30,816 [Process-5284] INFO     [FlashTop]    do_main: cmd burnone, Thread0[11476]
2025-04-24 21:24:30,816 [Process-5284] INFO     [Thread0]    ProcessStart[11476]
2025-04-24 21:24:30,816 [Process-5284] INFO     [Thread0]    args.ser.port :COM4
2025-04-24 21:24:30,881 [Process-5284] INFO     [Thread0]    agentboot is downloaded already
2025-04-24 21:24:30,881 [Process-5284] INFO     [Thread0]    TryDownload agentboot skip
2025-04-24 21:24:30,884 [Process-5284] INFO     [Thread0]    agbaud: 921600
2025-04-24 21:24:30,942 [Process-5284] INFO     [Thread0]    LPC Preamble Send
2025-04-24 21:24:30,961 [Process-5284] INFO     [Thread0]    LPC Preamble Received Rsp
2025-04-24 21:24:30,966 [Process-5284] INFO     [Thread0]    LPCSetSyncStat(1)
2025-04-24 21:24:30,966 [Process-5284] INFO     [Thread0]    LPCSyncDetect: success
2025-04-24 21:24:30,966 [Process-5284] INFO     [Thread0]    DownloadBurnOne imgtype(bootloader)
2025-04-24 21:24:30,972 [Process-5284] INFO     [Thread0]    DownloadBurnOne imgtype(bootloader), burnaddr(0x0), imgid(0x4f424d49)
2025-04-24 21:24:30,972 [Process-5284] INFO     [Thread0]    DownloadBurnOne file C:\Users\celio\Documents\codes\HTNB32L-XXX-SDK\Firmware\HTNB32L-XXX-SDK\Debug\bootloader.bin 
2025-04-24 21:24:30,974 [Process-5284] INFO     [Thread0]    TryDownload C:\Users\celio\Documents\codes\HTNB32L-XXX-SDK\Firmware\HTNB32L-XXX-SDK\Debug\bootloader.bin start
2025-04-24 21:24:30,974 [Process-5284] INFO     [Thread0]    LPCBurnOneTrig start       			******
2025-04-24 21:24:30,983 [Process-5284] INFO     [Thread0]    LPCBurnOneTrig success
2025-04-24 21:24:30,984 [Process-5284] INFO     [Thread0]    DLDPreSync Preamble Send
2025-04-24 21:24:31,506 [Process-5284] INFO     [Thread0]    DLDPreSync Preamble Received Rsp
2025-04-24 21:24:31,513 [Process-5284] INFO     [Thread0]    image size=29248, hdsize=272
2025-04-24 21:24:31,515 [Process-5284] INFO     [Thread0]    
2025-04-24 21:24:31,515 [Process-5284] INFO     [Thread0]    imginfo.size=29248, RemainLen=29248, Offset=0
2025-04-24 21:24:31,516 [Process-5284] INFO     [Thread0]    {bootloader.bin-percent files transferred   0%}
2025-04-24 21:24:31,516 [Process-5284] INFO     [Thread0]    
2025-04-24 21:24:31,516 [Process-5284] INFO     [Thread0]    Preamble Send
2025-04-24 21:24:31,533 [Process-5284] INFO     [Thread0]    Preamble Received Rsp
2025-04-24 21:24:31,553 [Process-5284] INFO     [Thread0]    imginfo.size=29248, RemainLen=28976, Offset=272
2025-04-24 21:24:31,553 [Process-5284] INFO     [Thread0]    {bootloader.bin-percent files transferred   0%}
2025-04-24 21:24:31,553 [Process-5284] INFO     [Thread0]    
2025-04-24 21:24:31,553 [Process-5284] INFO     [Thread0]    Preamble Send
2025-04-24 21:24:32,044 [Process-5284] INFO     [Thread0]    Preamble Received Rsp
2025-04-24 21:24:32,542 [Process-5284] INFO     [Thread0]    imginfo.size=29248, RemainLen=0, Offset=272
2025-04-24 21:24:32,546 [Process-5284] INFO     [Thread0]    {bootloader.bin-percent files transferred   100%}
2025-04-24 21:24:32,548 [Process-5284] INFO     [Thread0]    
2025-04-24 21:24:32,552 [Process-5284] INFO     [Thread0]    TryDownload success
2025-04-24 21:24:32,552 [Process-5284] INFO     [Thread0]    Burn OK!
2025-04-24 21:24:32,552 [Process-5284] INFO     [Thread0]    ProcessEnd[11476]
2025-04-24 21:24:32,552 [Process-5284] INFO     [FlashTop]    do_main: cmd burnone, Thread0[11476]
2025-04-24 21:24:32,552 [Process-5284] INFO     [Thread0]    ProcessStart[11476]
2025-04-24 21:24:32,561 [Process-5284] INFO     [Thread0]    args.ser.port :COM4
2025-04-24 21:24:32,624 [Process-5284] INFO     [Thread0]    agentboot is downloaded already
2025-04-24 21:24:32,625 [Process-5284] INFO     [Thread0]    TryDownload agentboot skip
2025-04-24 21:24:32,628 [Process-5284] INFO     [Thread0]    agbaud: 921600
2025-04-24 21:24:32,692 [Process-5284] INFO     [Thread0]    LPC Preamble Send
2025-04-24 21:24:32,712 [Process-5284] INFO     [Thread0]    LPC Preamble Received Rsp
2025-04-24 21:24:32,716 [Process-5284] INFO     [Thread0]    LPCSyncDetect: success
2025-04-24 21:24:32,716 [Process-5284] INFO     [Thread0]    DownloadBurnOne imgtype(system)
2025-04-24 21:24:32,716 [Process-5284] INFO     [Thread0]    DownloadBurnOne imgtype(system), burnaddr(0x0), imgid(0x444b4249)
2025-04-24 21:24:32,716 [Process-5284] INFO     [Thread0]    DownloadBurnOne file C:\Users\celio\Documents\codes\HTNB32L-XXX-SDK\Firmware\HTNB32L-XXX-SDK\Debug\../Build/Driver_Example/HTNB32L-XXX-Driver_Example.bin 
2025-04-24 21:24:32,724 [Process-5284] INFO     [Thread0]    TryDownload C:\Users\celio\Documents\codes\HTNB32L-XXX-SDK\Firmware\HTNB32L-XXX-SDK\Debug\../Build/Driver_Example/HTNB32L-XXX-Driver_Example.bin start
2025-04-24 21:24:32,724 [Process-5284] INFO     [Thread0]    LPCBurnOneTrig start       			******
2025-04-24 21:24:32,737 [Process-5284] INFO     [Thread0]    LPCBurnOneTrig success
2025-04-24 21:24:32,737 [Process-5284] INFO     [Thread0]    DLDPreSync Preamble Send
2025-04-24 21:24:33,259 [Process-5284] INFO     [Thread0]    DLDPreSync Preamble Received Rsp
2025-04-24 21:24:33,262 [Process-5284] INFO     [Thread0]    image size=41368, hdsize=272
2025-04-24 21:24:33,262 [Process-5284] INFO     [Thread0]    
2025-04-24 21:24:33,272 [Process-5284] INFO     [Thread0]    imginfo.size=41368, RemainLen=41368, Offset=0
2025-04-24 21:24:33,272 [Process-5284] INFO     [Thread0]    {HTNB32L-XXX-Driver_Example.bin-percent files transferred   0%}
2025-04-24 21:24:33,272 [Process-5284] INFO     [Thread0]    
2025-04-24 21:24:33,274 [Process-5284] INFO     [Thread0]    Preamble Send
2025-04-24 21:24:33,289 [Process-5284] INFO     [Thread0]    Preamble Received Rsp
2025-04-24 21:24:33,320 [Process-5284] INFO     [Thread0]    imginfo.size=41368, RemainLen=41096, Offset=272
2025-04-24 21:24:33,320 [Process-5284] INFO     [Thread0]    {HTNB32L-XXX-Driver_Example.bin-percent files transferred   0%}
2025-04-24 21:24:33,321 [Process-5284] INFO     [Thread0]    
2025-04-24 21:24:33,321 [Process-5284] INFO     [Thread0]    Preamble Send
2025-04-24 21:24:33,738 [Process-5284] INFO     [Thread0]    Preamble Received Rsp
2025-04-24 21:24:34,362 [Process-5284] INFO     [Thread0]    imginfo.size=41368, RemainLen=0, Offset=272
2025-04-24 21:24:34,362 [Process-5284] INFO     [Thread0]    {HTNB32L-XXX-Driver_Example.bin-percent files transferred   100%}
2025-04-24 21:24:34,362 [Process-5284] INFO     [Thread0]    
2025-04-24 21:24:34,362 [Process-5284] INFO     [Thread0]    TryDownload success
2025-04-24 21:24:34,362 [Process-5284] INFO     [Thread0]    Burn OK!
2025-04-24 21:24:34,362 [Process-5284] INFO     [Thread0]    ProcessEnd[11476]
2025-04-24 21:24:34,373 [Process-5284] INFO     [FlashToolCLI]    Burnbatch OK, imglist ['bootloader', 'system']
